Using pre-set license
Built from '2022.3/release' branch; Version is '2022.3.0f1 (fb119bb0b476) revision 16454043'; Using compiler version '192829333'; Build Type 'Release'
OS: 'Windows 11  (10.0.22621) 64bit Professional' Language: 'ru' Physical Memory: 16306 MB
BatchMode: 1, IsHumanControllingUs: 0, StartBugReporterOnCrash: 0, Is64bit: 1, IsPro: 1

COMMAND LINE ARGUMENTS:
C:\Program Files\Unity\Hub\Editor\2022.3.0f1\Editor\Unity.exe
-adb2
-batchMode
-noUpm
-name
AssetImportWorker7
-projectPath
C:/UnityProjects/Coursework
-logFile
Logs/AssetImportWorker7.log
-srvPort
51962
Successfully changed project path to: C:/UnityProjects/Coursework
C:/UnityProjects/Coursework
[UnityMemory] Configuration Parameters - Can be set up in boot.config
    "memorysetup-bucket-allocator-granularity=16"
    "memorysetup-bucket-allocator-bucket-count=8"
    "memorysetup-bucket-allocator-block-size=33554432"
    "memorysetup-bucket-allocator-block-count=8"
    "memorysetup-main-allocator-block-size=16777216"
    "memorysetup-thread-allocator-block-size=16777216"
    "memorysetup-gfx-main-allocator-block-size=16777216"
    "memorysetup-gfx-thread-allocator-block-size=16777216"
    "memorysetup-cache-allocator-block-size=4194304"
    "memorysetup-typetree-allocator-block-size=2097152"
    "memorysetup-profiler-bucket-allocator-granularity=16"
    "memorysetup-profiler-bucket-allocator-bucket-count=8"
    "memorysetup-profiler-bucket-allocator-block-size=33554432"
    "memorysetup-profiler-bucket-allocator-block-count=8"
    "memorysetup-profiler-allocator-block-size=16777216"
    "memorysetup-profiler-editor-allocator-block-size=1048576"
    "memorysetup-temp-allocator-size-main=16777216"
    "memorysetup-job-temp-allocator-block-size=2097152"
    "memorysetup-job-temp-allocator-block-size-background=1048576"
    "memorysetup-job-temp-allocator-reduction-small-platforms=262144"
    "memorysetup-allocator-temp-initial-block-size-main=262144"
    "memorysetup-allocator-temp-initial-block-size-worker=262144"
    "memorysetup-temp-allocator-size-background-worker=32768"
    "memorysetup-temp-allocator-size-job-worker=262144"
    "memorysetup-temp-allocator-size-preload-manager=33554432"
    "memorysetup-temp-allocator-size-nav-mesh-worker=65536"
    "memorysetup-temp-allocator-size-audio-worker=65536"
    "memorysetup-temp-allocator-size-cloud-worker=32768"
    "memorysetup-temp-allocator-size-gi-baking-worker=262144"
    "memorysetup-temp-allocator-size-gfx=262144"
Player connection [21036] Host "[IP] 192.168.0.12 [Port] 0 [Flags] 2 [Guid] 3750676525 [EditorId] 3750676525 [Version] 1048832 [Id] WindowsEditor(7,DESKTOP-HODI7H9) [Debug] 1 [PackageName] WindowsEditor [ProjectName] Editor" joined multi-casting on [225.0.0.222:54997]...

Player connection [21036] Host "[IP] 192.168.0.12 [Port] 0 [Flags] 2 [Guid] 3750676525 [EditorId] 3750676525 [Version] 1048832 [Id] WindowsEditor(7,DESKTOP-HODI7H9) [Debug] 1 [PackageName] WindowsEditor [ProjectName] Editor" joined alternative multi-casting on [225.0.0.222:34997]...

Refreshing native plugins compatible for Editor in 14.24 ms, found 4 plugins.
Preloading 0 native plugins for Editor in 0.00 ms.
Initialize engine version: 2022.3.0f1 (fb119bb0b476)
[Subsystems] Discovering subsystems at path C:/Program Files/Unity/Hub/Editor/2022.3.0f1/Editor/Data/Resources/UnitySubsystems
[Subsystems] Discovering subsystems at path C:/UnityProjects/Coursework/Assets
GfxDevice: creating device client; threaded=0; jobified=0
Direct3D:
    Version:  Direct3D 11.0 [level 11.1]
    Renderer: NVIDIA GeForce GTX 1660 (ID=0x2184)
    Vendor:   NVIDIA
    VRAM:     5980 MB
    Driver:   31.0.15.3598
Initialize mono
Mono path[0] = 'C:/Program Files/Unity/Hub/Editor/2022.3.0f1/Editor/Data/Managed'
Mono path[1] = 'C:/Program Files/Unity/Hub/Editor/2022.3.0f1/Editor/Data/MonoBleedingEdge/lib/mono/unityjit-win32'
Mono config path = 'C:/Program Files/Unity/Hub/Editor/2022.3.0f1/Editor/Data/MonoBleedingEdge/etc'
Using monoOptions --debugger-agent=transport=dt_socket,embedding=1,server=y,suspend=n,address=127.0.0.1:56468
Begin MonoManager ReloadAssembly
Registering precompiled unity dll's ...
Register platform support module: C:/Program Files/Unity/Hub/Editor/2022.3.0f1/Editor/Data/PlaybackEngines/WebGLSupport/UnityEditor.WebGL.Extensions.dll
Register platform support module: C:/Program Files/Unity/Hub/Editor/2022.3.0f1/Editor/Data/PlaybackEngines/WindowsStandaloneSupport/UnityEditor.WindowsStandalone.Extensions.dll
Registered in 0.009285 seconds.
- Loaded All Assemblies, in  0.394 seconds
Native extension for WindowsStandalone target not found
Native extension for WebGL target not found
Mono: successfully reloaded assembly
- Finished resetting the current domain, in  0.292 seconds
Domain Reload Profiling: 686ms
	BeginReloadAssembly (99ms)
		ExecutionOrderSort (0ms)
		DisableScriptedObjects (0ms)
		BackupInstance (0ms)
		ReleaseScriptingObjects (0ms)
		CreateAndSetChildDomain (1ms)
	RebuildCommonClasses (45ms)
	RebuildNativeTypeToScriptingClass (14ms)
	initialDomainReloadingComplete (71ms)
	LoadAllAssembliesAndSetupDomain (163ms)
		LoadAssemblies (97ms)
		RebuildTransferFunctionScriptingTraits (0ms)
		AnalyzeDomain (158ms)
			TypeCache.Refresh (157ms)
				TypeCache.ScanAssembly (146ms)
			ScanForSourceGeneratedMonoScriptInfo (0ms)
			ResolveRequiredComponents (0ms)
	FinalizeReload (293ms)
		ReleaseScriptCaches (0ms)
		RebuildScriptCaches (0ms)
		SetupLoadedEditorAssemblies (225ms)
			LogAssemblyErrors (0ms)
			InitializePlatformSupportModulesInManaged (11ms)
			SetLoadedEditorAssemblies (6ms)
			RefreshPlugins (0ms)
			BeforeProcessingInitializeOnLoad (2ms)
			ProcessInitializeOnLoadAttributes (154ms)
			ProcessInitializeOnLoadMethodAttributes (51ms)
			AfterProcessingInitializeOnLoad (0ms)
			EditorAssembliesLoaded (0ms)
		ExecutionOrderSort2 (0ms)
		AwakeInstancesAfterBackupRestoration (0ms)
========================================================================
Worker process is ready to serve import requests
Begin MonoManager ReloadAssembly
Symbol file LoadedFromMemory doesn't match image C:\UnityProjects\Coursework\Library\PackageCache\com.unity.visualscripting@1.8.0\Editor\VisualScripting.Core\Dependencies\YamlDotNet\Unity.VisualScripting.YamlDotNet.dll
Symbol file LoadedFromMemory doesn't match image C:\UnityProjects\Coursework\Library\PackageCache\com.unity.visualscripting@1.8.0\Editor\VisualScripting.Core\Dependencies\DotNetZip\Unity.VisualScripting.IonicZip.dll
- Loaded All Assemblies, in  0.919 seconds
Refreshing native plugins compatible for Editor in 5.42 ms, found 4 plugins.
Native extension for WindowsStandalone target not found
Native extension for WebGL target not found
Mono: successfully reloaded assembly
- Finished resetting the current domain, in  0.786 seconds
Domain Reload Profiling: 1701ms
	BeginReloadAssembly (146ms)
		ExecutionOrderSort (0ms)
		DisableScriptedObjects (7ms)
		BackupInstance (0ms)
		ReleaseScriptingObjects (0ms)
		CreateAndSetChildDomain (26ms)
	RebuildCommonClasses (43ms)
	RebuildNativeTypeToScriptingClass (13ms)
	initialDomainReloadingComplete (56ms)
	LoadAllAssembliesAndSetupDomain (657ms)
		LoadAssemblies (348ms)
		RebuildTransferFunctionScriptingTraits (0ms)
		AnalyzeDomain (373ms)
			TypeCache.Refresh (324ms)
				TypeCache.ScanAssembly (310ms)
			ScanForSourceGeneratedMonoScriptInfo (36ms)
			ResolveRequiredComponents (13ms)
	FinalizeReload (787ms)
		ReleaseScriptCaches (0ms)
		RebuildScriptCaches (0ms)
		SetupLoadedEditorAssemblies (592ms)
			LogAssemblyErrors (0ms)
			InitializePlatformSupportModulesInManaged (7ms)
			SetLoadedEditorAssemblies (6ms)
			RefreshPlugins (0ms)
			BeforeProcessingInitializeOnLoad (101ms)
			ProcessInitializeOnLoadAttributes (382ms)
			ProcessInitializeOnLoadMethodAttributes (90ms)
			AfterProcessingInitializeOnLoad (6ms)
			EditorAssembliesLoaded (0ms)
		ExecutionOrderSort2 (0ms)
		AwakeInstancesAfterBackupRestoration (7ms)
Launched and connected shader compiler UnityShaderCompiler.exe after 0.05 seconds
Refreshing native plugins compatible for Editor in 6.14 ms, found 4 plugins.
Preloading 0 native plugins for Editor in 0.00 ms.
Unloading 6394 Unused Serialized files (Serialized files now loaded: 0)
Unloading 122 unused Assets / (2.3 MB). Loaded Objects now: 6840.
Memory consumption went from 256.7 MB to 254.4 MB.
Total: 6.717900 ms (FindLiveObjects: 0.707100 ms CreateObjectMapping: 0.217400 ms MarkObjects: 4.661300 ms  DeleteObjects: 1.130400 ms)

AssetImportParameters requested are different than current active one (requested -> active):
  custom:container-demuxer-ogg: 62fdf1f143b41e24485cea50d1cbac27 -> 
  custom:video-codec-MediaFoundation-h265: 746d11721c4dcdbdad8f713fa42b33f4 -> 
  custom:video-decoder-ogg-theora: a1e56fd34408186e4bbccfd4996cb3dc -> 
  custom:framework-win-MediaFoundation: 216162199b28c13a410421893ffa2e32 -> 
  custom:container-demuxer-webm: 4f35f7cbe854078d1ac9338744f61a02 -> 
  custom:container-muxer-webm: aa71ff27fc2769a1b78a27578f13a17b -> 
  custom:video-decoder-webm-vp8: 9c59270c3fd7afecdb556c50c9e8de78 -> 
  custom:AudioImporter_EditorPlatform: d09bf68614088b80899f8185d706f6e7 -> 
  custom:video-encoder-webm-vp8: eb34c28f22e8b96e1ab97ce403110664 -> 
  custom:audio-decoder-ogg-vorbis: bf7c407c2cedff20999df2af8eb42d56 -> 
  custom:audio-encoder-webm-vorbis: bf7c407c2cedff20999df2af8eb42d56 -> 
========================================================================
Received Import Request.
  Time since last request: 10493.027308 seconds.
  path: Assets/Sprites/Tiles/Cave/str_24.asset
  artifactKey: Guid(d44ffca3334247e4eb31809b80ee1ac9) Importer(815301076,1909f56bfc062723c751e8b465ee728b)
Start importing Assets/Sprites/Tiles/Cave/str_24.asset using Guid(d44ffca3334247e4eb31809b80ee1ac9) Importer(815301076,1909f56bfc062723c751e8b465ee728b)  -> (artifact id: '21def2e9a39a93b9c4b9fb241544da26') in 0.010940 seconds
Number of updated asset objects reloaded before import = 0
Number of asset objects unloaded after import = 1
========================================================================
Received Import Request.
  Time since last request: 0.000046 seconds.
  path: Assets/Sprites/Tiles/Cave/РїРѕР» РєРѕРїРёСЏ_14.asset
  artifactKey: Guid(9dfd8e3ee21ae634fa6eca5abbc18068) Importer(815301076,1909f56bfc062723c751e8b465ee728b)
Start importing Assets/Sprites/Tiles/Cave/РїРѕР» РєРѕРїРёСЏ_14.asset using Guid(9dfd8e3ee21ae634fa6eca5abbc18068) Importer(815301076,1909f56bfc062723c751e8b465ee728b)  -> (artifact id: 'fcf2b6c777a82cdb2b6e74d60159220e') in 0.006692 seconds
Number of updated asset objects reloaded before import = 0
Number of asset objects unloaded after import = 2
========================================================================
Received Import Request.
  Time since last request: 0.000017 seconds.
  path: Assets/Sprites/Tiles/Cave/РїРѕР» РєРѕРїРёСЏ_32.asset
  artifactKey: Guid(60f069441101ad34d90d6b0d398966d3) Importer(815301076,1909f56bfc062723c751e8b465ee728b)
Start importing Assets/Sprites/Tiles/Cave/РїРѕР» РєРѕРїРёСЏ_32.asset using Guid(60f069441101ad34d90d6b0d398966d3) Importer(815301076,1909f56bfc062723c751e8b465ee728b)  -> (artifact id: '64b711f6b29fb526946922037757bd6b') in 0.006856 seconds
Number of updated asset objects reloaded before import = 0
Number of asset objects unloaded after import = 2
========================================================================
Received Import Request.
  Time since last request: 0.000019 seconds.
  path: Assets/Sprites/Tiles/Cave/РїРѕР» РєРѕРїРёСЏ_40.asset
  artifactKey: Guid(568b6facf3fc3f045b740208b0cc6cbb) Importer(815301076,1909f56bfc062723c751e8b465ee728b)
Start importing Assets/Sprites/Tiles/Cave/РїРѕР» РєРѕРїРёСЏ_40.asset using Guid(568b6facf3fc3f045b740208b0cc6cbb) Importer(815301076,1909f56bfc062723c751e8b465ee728b)  -> (artifact id: '8352ccbd59203f8a800575e65a918af6') in 0.006100 seconds
Number of updated asset objects reloaded before import = 0
Number of asset objects unloaded after import = 2
========================================================================
Received Import Request.
  Time since last request: 0.000014 seconds.
  path: Assets/Sprites/Tiles/Cave/РїРѕР» РєРѕРїРёСЏ_7.asset
  artifactKey: Guid(52de91c11de6348419b7df30213b754b) Importer(815301076,1909f56bfc062723c751e8b465ee728b)
Start importing Assets/Sprites/Tiles/Cave/РїРѕР» РєРѕРїРёСЏ_7.asset using Guid(52de91c11de6348419b7df30213b754b) Importer(815301076,1909f56bfc062723c751e8b465ee728b)  -> (artifact id: '9eaa0c9b3b1f3d5380a31cbed4d42686') in 0.006417 seconds
Number of updated asset objects reloaded before import = 0
Number of asset objects unloaded after import = 2
========================================================================
Received Import Request.
  Time since last request: 0.000019 seconds.
  path: Assets/Sprites/Tiles/Cave/РїРѕР» РєРѕРїРёСЏ_19.asset
  artifactKey: Guid(68214299ee6d6144fb9c7503cc1f0cd5) Importer(815301076,1909f56bfc062723c751e8b465ee728b)
Start importing Assets/Sprites/Tiles/Cave/РїРѕР» РєРѕРїРёСЏ_19.asset using Guid(68214299ee6d6144fb9c7503cc1f0cd5) Importer(815301076,1909f56bfc062723c751e8b465ee728b)  -> (artifact id: '1010e8a8220c54a3d44abd499ca846ed') in 0.006796 seconds
Number of updated asset objects reloaded before import = 0
Number of asset objects unloaded after import = 2
========================================================================
Received Import Request.
  Time since last request: 0.000020 seconds.
  path: Assets/Sprites/Tiles/Cave/РїРѕР» РєРѕРїРёСЏ_56.asset
  artifactKey: Guid(76ca86a69d92c954db6f2c7d558bf2dd) Importer(815301076,1909f56bfc062723c751e8b465ee728b)
Start importing Assets/Sprites/Tiles/Cave/РїРѕР» РєРѕРїРёСЏ_56.asset using Guid(76ca86a69d92c954db6f2c7d558bf2dd) Importer(815301076,1909f56bfc062723c751e8b465ee728b)  -> (artifact id: '5b4ded5752e22b5e5b34edde0520855f') in 0.005701 seconds
Number of updated asset objects reloaded before import = 0
Number of asset objects unloaded after import = 2
========================================================================
Received Import Request.
  Time since last request: 0.000014 seconds.
  path: Assets/Sprites/Tiles/Cave/СЃС‚РµРЅС‹ РєРѕРїРёСЏ_0.asset
  artifactKey: Guid(15c0726ebc43f9744bb24ddc4f83950e) Importer(815301076,1909f56bfc062723c751e8b465ee728b)
Start importing Assets/Sprites/Tiles/Cave/СЃС‚РµРЅС‹ РєРѕРїРёСЏ_0.asset using Guid(15c0726ebc43f9744bb24ddc4f83950e) Importer(815301076,1909f56bfc062723c751e8b465ee728b)  -> (artifact id: '9e22392b92d07d77de54fece70be2e16') in 0.006021 seconds
Number of updated asset objects reloaded before import = 0
Number of asset objects unloaded after import = 1
========================================================================
Received Import Request.
  Time since last request: 0.000065 seconds.
  path: Assets/Sprites/Tiles/Cave/РїРѕР» РєРѕРїРёСЏ_44.asset
  artifactKey: Guid(19f517bc6447d454695c1dcddf249439) Importer(815301076,1909f56bfc062723c751e8b465ee728b)
Start importing Assets/Sprites/Tiles/Cave/РїРѕР» РєРѕРїРёСЏ_44.asset using Guid(19f517bc6447d454695c1dcddf249439) Importer(815301076,1909f56bfc062723c751e8b465ee728b)  -> (artifact id: 'c2d3b35108a53b0a195929ba1312f1b2') in 0.006333 seconds
Number of updated asset objects reloaded before import = 0
Number of asset objects unloaded after import = 2
========================================================================
Received Import Request.
  Time since last request: 0.000012 seconds.
  path: Assets/Sprites/Tiles/Cave/СЃС‚РµРЅС‹ РєРѕРїРёСЏ_11.asset
  artifactKey: Guid(40da3b4b14084094d919e2753fad7c0e) Importer(815301076,1909f56bfc062723c751e8b465ee728b)
Start importing Assets/Sprites/Tiles/Cave/СЃС‚РµРЅС‹ РєРѕРїРёСЏ_11.asset using Guid(40da3b4b14084094d919e2753fad7c0e) Importer(815301076,1909f56bfc062723c751e8b465ee728b)  -> (artifact id: '3d0602df1403d0cf815e918f5a4b494e') in 0.005594 seconds
Number of updated asset objects reloaded before import = 0
Number of asset objects unloaded after import = 1
========================================================================
Received Import Request.
  Time since last request: 0.000015 seconds.
  path: Assets/Sprites/Tiles/Cave/СЃС‚РµРЅС‹ РєРѕРїРёСЏ_19.asset
  artifactKey: Guid(26b16f68ca8d3e74dbffbe9ef70b3fdb) Importer(815301076,1909f56bfc062723c751e8b465ee728b)
Start importing Assets/Sprites/Tiles/Cave/СЃС‚РµРЅС‹ РєРѕРїРёСЏ_19.asset using Guid(26b16f68ca8d3e74dbffbe9ef70b3fdb) Importer(815301076,1909f56bfc062723c751e8b465ee728b)  -> (artifact id: '60ef5f48b939ae81417eef2c9ef40d1b') in 0.006990 seconds
Number of updated asset objects reloaded before import = 0
Number of asset objects unloaded after import = 1
========================================================================
Received Import Request.
  Time since last request: 0.000016 seconds.
  path: Assets/Sprites/Tiles/Cave/РїРѕР» РєРѕРїРёСЏ_33.asset
  artifactKey: Guid(bf73f23347ff0c04c8c1a2be131dddb6) Importer(815301076,1909f56bfc062723c751e8b465ee728b)
Start importing Assets/Sprites/Tiles/Cave/РїРѕР» РєРѕРїРёСЏ_33.asset using Guid(bf73f23347ff0c04c8c1a2be131dddb6) Importer(815301076,1909f56bfc062723c751e8b465ee728b)  -> (artifact id: '2894f9190f595a33dd45b7591a51decf') in 0.007622 seconds
Number of updated asset objects reloaded before import = 0
Number of asset objects unloaded after import = 2
========================================================================
Received Import Request.
  Time since last request: 0.000015 seconds.
  path: Assets/Sprites/Tiles/Cave/СЃС‚РµРЅС‹ РєРѕРїРёСЏ_17.asset
  artifactKey: Guid(b3c5074f0c7df2c4cbca7b6a324d06fc) Importer(815301076,1909f56bfc062723c751e8b465ee728b)
Start importing Assets/Sprites/Tiles/Cave/СЃС‚РµРЅС‹ РєРѕРїРёСЏ_17.asset using Guid(b3c5074f0c7df2c4cbca7b6a324d06fc) Importer(815301076,1909f56bfc062723c751e8b465ee728b)  -> (artifact id: '1560f7b87576dc923c5c3e16fea15b1d') in 0.006231 seconds
Number of updated asset objects reloaded before import = 0
Number of asset objects unloaded after import = 1
========================================================================
Received Import Request.
  Time since last request: 0.000015 seconds.
  path: Assets/Sprites/Tiles/Cave/СЃС‚РµРЅС‹ РєРѕРїРёСЏ_1.asset
  artifactKey: Guid(a8cf0a850c48c414fa4a9123d33ca5c7) Importer(815301076,1909f56bfc062723c751e8b465ee728b)
Start importing Assets/Sprites/Tiles/Cave/СЃС‚РµРЅС‹ РєРѕРїРёСЏ_1.asset using Guid(a8cf0a850c48c414fa4a9123d33ca5c7) Importer(815301076,1909f56bfc062723c751e8b465ee728b)  -> (artifact id: 'ff665552c272db26b0311274544caa72') in 0.006634 seconds
Number of updated asset objects reloaded before import = 0
Number of asset objects unloaded after import = 1
========================================================================
Received Import Request.
  Time since last request: 0.000055 seconds.
  path: Assets/Sprites/Tiles/Cave/СЃС‚РµРЅС‹ РєРѕРїРёСЏ_16.asset
  artifactKey: Guid(e5aa8c06c8dbbd043b510c3ad7470d18) Importer(815301076,1909f56bfc062723c751e8b465ee728b)
Start importing Assets/Sprites/Tiles/Cave/СЃС‚РµРЅС‹ РєРѕРїРёСЏ_16.asset using Guid(e5aa8c06c8dbbd043b510c3ad7470d18) Importer(815301076,1909f56bfc062723c751e8b465ee728b)  -> (artifact id: '203e509d876fc5cb10f12de500b3ce96') in 0.006609 seconds
Number of updated asset objects reloaded before import = 0
Number of asset objects unloaded after import = 1
========================================================================
Received Import Request.
  Time since last request: 0.000015 seconds.
  path: Assets/Sprites/Tiles/Cave/СЃС‚РµРЅС‹ РєРѕРїРёСЏ_23.asset
  artifactKey: Guid(6ff8daeb7f69a9243aa138ee9147b000) Importer(815301076,1909f56bfc062723c751e8b465ee728b)
Start importing Assets/Sprites/Tiles/Cave/СЃС‚РµРЅС‹ РєРѕРїРёСЏ_23.asset using Guid(6ff8daeb7f69a9243aa138ee9147b000) Importer(815301076,1909f56bfc062723c751e8b465ee728b)  -> (artifact id: '4bbb04836c44c304c7c21ce098408f01') in 0.006443 seconds
Number of updated asset objects reloaded before import = 0
Number of asset objects unloaded after import = 1
========================================================================
Received Import Request.
  Time since last request: 0.000097 seconds.
  path: Assets/Sprites/Tiles/Cave/СЃС‚РµРЅС‹ РєРѕРїРёСЏ_25.asset
  artifactKey: Guid(47d65d2f730ba614ab034eca3f6a1984) Importer(815301076,1909f56bfc062723c751e8b465ee728b)
Start importing Assets/Sprites/Tiles/Cave/СЃС‚РµРЅС‹ РєРѕРїРёСЏ_25.asset using Guid(47d65d2f730ba614ab034eca3f6a1984) Importer(815301076,1909f56bfc062723c751e8b465ee728b)  -> (artifact id: 'ee96e634419a0ee2a40b5268ca56db3b') in 0.006532 seconds
Number of updated asset objects reloaded before import = 0
Number of asset objects unloaded after import = 1
========================================================================
Received Import Request.
  Time since last request: 0.000020 seconds.
  path: Assets/Sprites/Tiles/Cave/СЃС‚РµРЅС‹ РєРѕРїРёСЏ_29.asset
  artifactKey: Guid(aaf35634e714efb4aa5ddac0fa8b7632) Importer(815301076,1909f56bfc062723c751e8b465ee728b)
Start importing Assets/Sprites/Tiles/Cave/СЃС‚РµРЅС‹ РєРѕРїРёСЏ_29.asset using Guid(aaf35634e714efb4aa5ddac0fa8b7632) Importer(815301076,1909f56bfc062723c751e8b465ee728b)  -> (artifact id: 'bf44fecfaadf5ad5612ee08cd87e3399') in 0.007963 seconds
Number of updated asset objects reloaded before import = 0
Number of asset objects unloaded after import = 1
========================================================================
Received Import Request.
  Time since last request: 0.000060 seconds.
  path: Assets/Sprites/Tiles/Cave/РїРѕР» РєРѕРїРёСЏ_16.asset
  artifactKey: Guid(d9b1d9f62965b594ea9a8c2dc17190f6) Importer(815301076,1909f56bfc062723c751e8b465ee728b)
Start importing Assets/Sprites/Tiles/Cave/РїРѕР» РєРѕРїРёСЏ_16.asset using Guid(d9b1d9f62965b594ea9a8c2dc17190f6) Importer(815301076,1909f56bfc062723c751e8b465ee728b)  -> (artifact id: '28024179a96d42aa865fd74dd00f0b3b') in 0.005932 seconds
Number of updated asset objects reloaded before import = 0
Number of asset objects unloaded after import = 2
========================================================================
Received Import Request.
  Time since last request: 0.000013 seconds.
  path: Assets/Sprites/Tiles/Cave/РїРѕР» РєРѕРїРёСЏ_59.asset
  artifactKey: Guid(1cefa7914fd0dee40ba44ab7c5ec3b0a) Importer(815301076,1909f56bfc062723c751e8b465ee728b)
Start importing Assets/Sprites/Tiles/Cave/РїРѕР» РєРѕРїРёСЏ_59.asset using Guid(1cefa7914fd0dee40ba44ab7c5ec3b0a) Importer(815301076,1909f56bfc062723c751e8b465ee728b)  -> (artifact id: '0710a8451398fb822ae503b657bd7d7f') in 0.006800 seconds
Number of updated asset objects reloaded before import = 0
Number of asset objects unloaded after import = 2
========================================================================
Received Import Request.
  Time since last request: 0.000013 seconds.
  path: Assets/Sprites/Tiles/Cave/РїРѕР» РєРѕРїРёСЏ_10.asset
  artifactKey: Guid(8002f28fc805ead43a0a6d08c7ad712f) Importer(815301076,1909f56bfc062723c751e8b465ee728b)
Start importing Assets/Sprites/Tiles/Cave/РїРѕР» РєРѕРїРёСЏ_10.asset using Guid(8002f28fc805ead43a0a6d08c7ad712f) Importer(815301076,1909f56bfc062723c751e8b465ee728b)  -> (artifact id: '737ea34b3dad0ed49d8c8a8a9b2604ec') in 0.007475 seconds
Number of updated asset objects reloaded before import = 0
Number of asset objects unloaded after import = 2
========================================================================
Received Import Request.
  Time since last request: 0.000026 seconds.
  path: Assets/Sprites/Tiles/Cave/РїРѕР» РєРѕРїРёСЏ_57.asset
  artifactKey: Guid(481bfbd229947cb4b94a4ab7ae1068b8) Importer(815301076,1909f56bfc062723c751e8b465ee728b)
Start importing Assets/Sprites/Tiles/Cave/РїРѕР» РєРѕРїРёСЏ_57.asset using Guid(481bfbd229947cb4b94a4ab7ae1068b8) Importer(815301076,1909f56bfc062723c751e8b465ee728b)  -> (artifact id: '52593353765d281956fd0f47a0bf6adc') in 0.007688 seconds
Number of updated asset objects reloaded before import = 0
Number of asset objects unloaded after import = 2
========================================================================
Received Import Request.
  Time since last request: 0.000092 seconds.
  path: Assets/Sprites/Tiles/Cave/СЃС‚РµРЅС‹ РєРѕРїРёСЏ_22.asset
  artifactKey: Guid(c309be38b7237cd4db5143d157b07ea3) Importer(815301076,1909f56bfc062723c751e8b465ee728b)
Start importing Assets/Sprites/Tiles/Cave/СЃС‚РµРЅС‹ РєРѕРїРёСЏ_22.asset using Guid(c309be38b7237cd4db5143d157b07ea3) Importer(815301076,1909f56bfc062723c751e8b465ee728b)  -> (artifact id: '7214ce9f19f752e71343a65986f852e2') in 0.006735 seconds
Number of updated asset objects reloaded before import = 0
Number of asset objects unloaded after import = 1
========================================================================
Received Import Request.
  Time since last request: 0.000019 seconds.
  path: Assets/Sprites/Tiles/Cave/РїРѕР» РєРѕРїРёСЏ_6.asset
  artifactKey: Guid(b63d50da0cd5f524ea949f5525a95bed) Importer(815301076,1909f56bfc062723c751e8b465ee728b)
Start importing Assets/Sprites/Tiles/Cave/РїРѕР» РєРѕРїРёСЏ_6.asset using Guid(b63d50da0cd5f524ea949f5525a95bed) Importer(815301076,1909f56bfc062723c751e8b465ee728b)  -> (artifact id: 'c996e4c16cb64ce0803446c168ef1fd5') in 0.007532 seconds
Number of updated asset objects reloaded before import = 0
Number of asset objects unloaded after import = 2
========================================================================
Received Import Request.
  Time since last request: 0.000014 seconds.
  path: Assets/Sprites/Tiles/Cave/РїРѕР» РєРѕРїРёСЏ_12.asset
  artifactKey: Guid(2ed77d57435c5234aa0114f2674f1b66) Importer(815301076,1909f56bfc062723c751e8b465ee728b)
Start importing Assets/Sprites/Tiles/Cave/РїРѕР» РєРѕРїРёСЏ_12.asset using Guid(2ed77d57435c5234aa0114f2674f1b66) Importer(815301076,1909f56bfc062723c751e8b465ee728b)  -> (artifact id: '570b1d3dcdd10b037f4ccbb59a0b4124') in 0.006245 seconds
Number of updated asset objects reloaded before import = 0
Number of asset objects unloaded after import = 2
========================================================================
Received Import Request.
  Time since last request: 0.000014 seconds.
  path: Assets/Sprites/Tiles/Cave/sprait1 РєРѕРїРёСЏ 2_43.asset
  artifactKey: Guid(99382fd96fc14504b88e2489d861040d) Importer(815301076,1909f56bfc062723c751e8b465ee728b)
Start importing Assets/Sprites/Tiles/Cave/sprait1 РєРѕРїРёСЏ 2_43.asset using Guid(99382fd96fc14504b88e2489d861040d) Importer(815301076,1909f56bfc062723c751e8b465ee728b)  -> (artifact id: 'a85132b3af9418f17b803b4bb20a25a1') in 0.006745 seconds
Number of updated asset objects reloaded before import = 0
Number of asset objects unloaded after import = 2
========================================================================
Received Import Request.
  Time since last request: 0.000015 seconds.
  path: Assets/Sprites/Tiles/Cave/wall_40.asset
  artifactKey: Guid(85ba24e041ce3bd43aeb652d325d2821) Importer(815301076,1909f56bfc062723c751e8b465ee728b)
Start importing Assets/Sprites/Tiles/Cave/wall_40.asset using Guid(85ba24e041ce3bd43aeb652d325d2821) Importer(815301076,1909f56bfc062723c751e8b465ee728b)  -> (artifact id: '38b266db1cc973de140047f3b6707f17') in 0.001325 seconds
Number of updated asset objects reloaded before import = 0
Number of asset objects unloaded after import = 2
========================================================================
Received Import Request.
  Time since last request: 0.000016 seconds.
  path: Assets/Sprites/Tiles/Cave/РїРѕР» РєРѕРїРёСЏ_37.asset
  artifactKey: Guid(bed29c3c7dd822a4691599f9650ad746) Importer(815301076,1909f56bfc062723c751e8b465ee728b)
Start importing Assets/Sprites/Tiles/Cave/РїРѕР» РєРѕРїРёСЏ_37.asset using Guid(bed29c3c7dd822a4691599f9650ad746) Importer(815301076,1909f56bfc062723c751e8b465ee728b)  -> (artifact id: '1baca4b3289d14135199e9d1065b8f94') in 0.007734 seconds
Number of updated asset objects reloaded before import = 0
Number of asset objects unloaded after import = 2
========================================================================
Received Import Request.
  Time since last request: 0.000028 seconds.
  path: Assets/Sprites/Tiles/Cave/sprait1 РєРѕРїРёСЏ 2_37.asset
  artifactKey: Guid(34ac6b2fda042da448f097abef659635) Importer(815301076,1909f56bfc062723c751e8b465ee728b)
Start importing Assets/Sprites/Tiles/Cave/sprait1 РєРѕРїРёСЏ 2_37.asset using Guid(34ac6b2fda042da448f097abef659635) Importer(815301076,1909f56bfc062723c751e8b465ee728b)  -> (artifact id: 'c6bf998335ded3127e433f155c211fcb') in 0.006882 seconds
Number of updated asset objects reloaded before import = 0
Number of asset objects unloaded after import = 2
========================================================================
Received Import Request.
  Time since last request: 0.000047 seconds.
  path: Assets/Sprites/Tiles/Cave/РїРѕР» РєРѕРїРёСЏ_15.asset
  artifactKey: Guid(063260793ba5b754e984861ff2ca61cc) Importer(815301076,1909f56bfc062723c751e8b465ee728b)
Start importing Assets/Sprites/Tiles/Cave/РїРѕР» РєРѕРїРёСЏ_15.asset using Guid(063260793ba5b754e984861ff2ca61cc) Importer(815301076,1909f56bfc062723c751e8b465ee728b)  -> (artifact id: '6ed83ca74290d2c84500cea18fcfb160') in 0.006911 seconds
Number of updated asset objects reloaded before import = 0
Number of asset objects unloaded after import = 2
========================================================================
Received Import Request.
  Time since last request: 0.000016 seconds.
  path: Assets/Sprites/Tiles/Cave/wall_53.asset
  artifactKey: Guid(2c5aa3d8b4a48c14895206bb47e9d805) Importer(815301076,1909f56bfc062723c751e8b465ee728b)
Start importing Assets/Sprites/Tiles/Cave/wall_53.asset using Guid(2c5aa3d8b4a48c14895206bb47e9d805) Importer(815301076,1909f56bfc062723c751e8b465ee728b)  -> (artifact id: 'e0b14fd04f2fae903ded0e6d22b6fcc9') in 0.001524 seconds
Number of updated asset objects reloaded before import = 0
Number of asset objects unloaded after import = 2
========================================================================
Received Import Request.
  Time since last request: 0.000023 seconds.
  path: Assets/Sprites/Tiles/Cave/ladder, floor, circle_19.asset
  artifactKey: Guid(6a5b6091ced1a904fb284ed89813002f) Importer(815301076,1909f56bfc062723c751e8b465ee728b)
Start importing Assets/Sprites/Tiles/Cave/ladder, floor, circle_19.asset using Guid(6a5b6091ced1a904fb284ed89813002f) Importer(815301076,1909f56bfc062723c751e8b465ee728b)  -> (artifact id: '13112d653d5ab11a59dce13f71323bdc') in 0.007309 seconds
Number of updated asset objects reloaded before import = 0
Number of asset objects unloaded after import = 2
========================================================================
Received Import Request.
  Time since last request: 0.000017 seconds.
  path: Assets/Sprites/Tiles/Cave/sprait1 РєРѕРїРёСЏ 2_33.asset
  artifactKey: Guid(e22fac341596a6a469bcd31e6693b177) Importer(815301076,1909f56bfc062723c751e8b465ee728b)
Start importing Assets/Sprites/Tiles/Cave/sprait1 РєРѕРїРёСЏ 2_33.asset using Guid(e22fac341596a6a469bcd31e6693b177) Importer(815301076,1909f56bfc062723c751e8b465ee728b)  -> (artifact id: '8208940c7a282f5f5e64b97bbbaee4f3') in 0.007142 seconds
Number of updated asset objects reloaded before import = 0
Number of asset objects unloaded after import = 2
========================================================================
Received Import Request.
  Time since last request: 0.000015 seconds.
  path: Assets/Sprites/Tiles/Cave/sprait1 РєРѕРїРёСЏ 2_53.asset
  artifactKey: Guid(20dfad22009467143b5fb16b4a380452) Importer(815301076,1909f56bfc062723c751e8b465ee728b)
Start importing Assets/Sprites/Tiles/Cave/sprait1 РєРѕРїРёСЏ 2_53.asset using Guid(20dfad22009467143b5fb16b4a380452) Importer(815301076,1909f56bfc062723c751e8b465ee728b)  -> (artifact id: '3105bd738ddd6edce3aa11d114170fc9') in 0.007486 seconds
Number of updated asset objects reloaded before import = 0
Number of asset objects unloaded after import = 2
========================================================================
Received Import Request.
  Time since last request: 0.000013 seconds.
  path: Assets/Sprites/Tiles/Cave/str_5.asset
  artifactKey: Guid(c53c523a9c69755418f1c68d724b2035) Importer(815301076,1909f56bfc062723c751e8b465ee728b)
Start importing Assets/Sprites/Tiles/Cave/str_5.asset using Guid(c53c523a9c69755418f1c68d724b2035) Importer(815301076,1909f56bfc062723c751e8b465ee728b)  -> (artifact id: '8253d1dfa02a11d118d13f91d6748e60') in 0.001163 seconds
Number of updated asset objects reloaded before import = 0
Number of asset objects unloaded after import = 1
========================================================================
Received Import Request.
  Time since last request: 0.000060 seconds.
  path: Assets/Sprites/Tiles/Cave/str_0.asset
  artifactKey: Guid(8b5e12d87b730f946959f2b6515cecb5) Importer(815301076,1909f56bfc062723c751e8b465ee728b)
Start importing Assets/Sprites/Tiles/Cave/str_0.asset using Guid(8b5e12d87b730f946959f2b6515cecb5) Importer(815301076,1909f56bfc062723c751e8b465ee728b)  -> (artifact id: 'd8b611005276287d39a18b15a0ace2b3') in 0.001621 seconds
Number of updated asset objects reloaded before import = 0
Number of asset objects unloaded after import = 1
========================================================================
Received Import Request.
  Time since last request: 0.585472 seconds.
  path: Assets/Sprites/Tiles/Cave/РїРѕР» РєРѕРїРёСЏ_0.asset
  artifactKey: Guid(65a358ccb67525c4596373d929bbfc91) Importer(815301076,1909f56bfc062723c751e8b465ee728b)
Start importing Assets/Sprites/Tiles/Cave/РїРѕР» РєРѕРїРёСЏ_0.asset using Guid(65a358ccb67525c4596373d929bbfc91) Importer(815301076,1909f56bfc062723c751e8b465ee728b)  -> (artifact id: 'a528d61978b18d457110d8b28287cee4') in 0.006942 seconds
Number of updated asset objects reloaded before import = 0
Number of asset objects unloaded after import = 2
========================================================================
Received Import Request.
  Time since last request: 0.000017 seconds.
  path: Assets/Sprites/Tiles/Cave/РїРѕР» РєРѕРїРёСЏ_4.asset
  artifactKey: Guid(fc18dc78069200741b4fdba1ad77a50b) Importer(815301076,1909f56bfc062723c751e8b465ee728b)
Start importing Assets/Sprites/Tiles/Cave/РїРѕР» РєРѕРїРёСЏ_4.asset using Guid(fc18dc78069200741b4fdba1ad77a50b) Importer(815301076,1909f56bfc062723c751e8b465ee728b)  -> (artifact id: '15ed4bcd4e96362dd8207c36dce44992') in 0.006287 seconds
Number of updated asset objects reloaded before import = 0
Number of asset objects unloaded after import = 2
========================================================================
Received Import Request.
  Time since last request: 0.201960 seconds.
  path: Assets/Sprites/Tiles/Cave/walls stone_20.asset
  artifactKey: Guid(2dddfd6f565e6a94a88f61c19b3a5755) Importer(815301076,1909f56bfc062723c751e8b465ee728b)
Start importing Assets/Sprites/Tiles/Cave/walls stone_20.asset using Guid(2dddfd6f565e6a94a88f61c19b3a5755) Importer(815301076,1909f56bfc062723c751e8b465ee728b)  -> (artifact id: '787a56907b0e1e3c703e64adca4d99ab') in 0.001190 seconds
Number of updated asset objects reloaded before import = 0
Number of asset objects unloaded after import = 1
Editor requested this worker to shutdown with reason: Scaling down because of idle timeout
TcpMessagingSession - receive error: operation aborted. errorcode: 995, details: Операция ввода/вывода была прервана из-за завершения потока команд или по запросу приложения.
AssetImportWorker is now disconnected from the server
Process exiting
Exiting without the bug reporter. Application will terminate with return code 0